Found "D:\e-commerce-microservices\product-catalog-service\.mvn\wrapper\maven-wrapper.jar"
[INFO] Scanning for projects...
[INFO] 
[INFO] -------------< com.rainbowforest:product-catalog-service >--------------
[INFO] Building product-catalog-service 0.0.1-SNAPSHOT
[INFO] --------------------------------[ jar ]---------------------------------
[INFO] 
[INFO] >>> spring-boot-maven-plugin:3.2.5:run (default-cli) > test-compile @ product-catalog-service >>>
[INFO] 
[INFO] --- maven-resources-plugin:3.3.1:resources (default-resources) @ product-catalog-service ---
[INFO] Copying 1 resource from src\main\resources to target\classes
[INFO] Copying 6 resources from src\main\resources to target\classes
[INFO] 
[INFO] --- maven-compiler-plugin:3.11.0:compile (default-compile) @ product-catalog-service ---
[INFO] Changes detected - recompiling the module! :source
[INFO] Compiling 16 source files with javac [debug release 21] to target\classes
[INFO] Annotation processing is enabled because one or more processors were found
  on the class path. A future release of javac may disable annotation processing
  unless at least one processor is specified by name (-processor), or a search
  path is specified (--processor-path, --processor-module-path), or annotation
  processing is enabled explicitly (-proc:only, -proc:full).
  Use -Xlint:-options to suppress this message.
  Use -proc:none to disable annotation processing.
[INFO] 
[INFO] --- maven-resources-plugin:3.3.1:testResources (default-testResources) @ product-catalog-service ---
[INFO] skip non existing resourceDirectory D:\e-commerce-microservices\product-catalog-service\src\test\resources
[INFO] 
[INFO] --- maven-compiler-plugin:3.11.0:testCompile (default-testCompile) @ product-catalog-service ---
[INFO] Changes detected - recompiling the module! :dependency
[INFO] Compiling 1 source file with javac [debug release 21] to target\test-classes
[INFO] Annotation processing is enabled because one or more processors were found
  on the class path. A future release of javac may disable annotation processing
  unless at least one processor is specified by name (-processor), or a search
  path is specified (--processor-path, --processor-module-path), or annotation
  processing is enabled explicitly (-proc:only, -proc:full).
  Use -Xlint:-options to suppress this message.
  Use -proc:none to disable annotation processing.
[INFO] 
[INFO] <<< spring-boot-maven-plugin:3.2.5:run (default-cli) < test-compile @ product-catalog-service <<<
[INFO] 
[INFO] 
[INFO] --- spring-boot-maven-plugin:3.2.5:run (default-cli) @ product-catalog-service ---
[INFO] Attaching agents: []

  .   ____          _            __ _ _
 /\\ / ___'_ __ _ _(_)_ __  __ _ \ \ \ \
( ( )\___ | '_ | '_| | '_ \/ _` | \ \ \ \
 \\/  ___)| |_)| | | | | || (_| |  ) ) ) )
  '  |____| .__|_| |_|_| |_\__, | / / / /
 =========|_|==============|___/=/_/_/_/
 :: Spring Boot ::                (v3.2.5)

2026-04-22T13:24:20.065+07:00  INFO 6708 --- [product-catalog-service] [           main] c.r.p.ProductCatalogServiceApplication   : Starting ProductCatalogServiceApplication using Java 21.0.9 with PID 6708 (D:\e-commerce-microservices\product-catalog-service\target\classes started by ASUS in D:\e-commerce-microservices\product-catalog-service)
2026-04-22T13:24:20.067+07:00  INFO 6708 --- [product-catalog-service] [           main] c.r.p.ProductCatalogServiceApplication   : No active profile set, falling back to 1 default profile: "default"
2026-04-22T13:24:20.487+07:00  INFO 6708 --- [product-catalog-service] [           main] .s.d.r.c.RepositoryConfigurationDelegate : Bootstrapping Spring Data JPA repositories in DEFAULT mode.
2026-04-22T13:24:20.581+07:00  INFO 6708 --- [product-catalog-service] [           main] .s.d.r.c.RepositoryConfigurationDelegate : Finished Spring Data repository scanning in 87 ms. Found 2 JPA repository interfaces.
2026-04-22T13:24:20.843+07:00  INFO 6708 --- [product-catalog-service] [           main] o.s.cloud.context.scope.GenericScope     : BeanFactory id=9a2cc7ec-b8a9-36c1-8886-011a8a0cf887
2026-04-22T13:24:20.947+07:00  WARN 6708 --- [product-catalog-service] [           main] trationDelegate$BeanPostProcessorChecker : Bean 'org.springframework.cloud.client.loadbalancer.LoadBalancerAutoConfiguration$DeferringLoadBalancerInterceptorConfig' of type [org.springframework.cloud.client.loadbalancer.LoadBalancerAutoConfiguration$DeferringLoadBalancerInterceptorConfig] is not eligible for getting processed by all BeanPostProcessors (for example: not eligible for auto-proxying). The currently created BeanPostProcessor [lbRestClientPostProcessor] is declared through a non-static factory method on that class; consider declaring it as static instead.
2026-04-22T13:24:20.950+07:00  WARN 6708 --- [product-catalog-service] [           main] trationDelegate$BeanPostProcessorChecker : Bean 'deferringLoadBalancerInterceptor' of type [org.springframework.cloud.client.loadbalancer.DeferringLoadBalancerInterceptor] is not eligible for getting processed by all BeanPostProcessors (for example: not eligible for auto-proxying). Is this bean getting eagerly injected into a currently created BeanPostProcessor [lbRestClientPostProcessor]? Check the corresponding BeanPostProcessor declaration and its dependencies.
2026-04-22T13:24:21.113+07:00  INFO 6708 --- [product-catalog-service] [           main] o.s.b.w.embedded.tomcat.TomcatWebServer  : Tomcat initialized with port 8810 (http)
2026-04-22T13:24:21.126+07:00  INFO 6708 --- [product-catalog-service] [           main] o.apache.catalina.core.StandardService   : Starting service [Tomcat]
2026-04-22T13:24:21.127+07:00  INFO 6708 --- [product-catalog-service] [           main] o.apache.catalina.core.StandardEngine    : Starting Servlet engine: [Apache Tomcat/10.1.20]
2026-04-22T13:24:21.174+07:00  INFO 6708 --- [product-catalog-service] [           main] o.a.c.c.C.[Tomcat].[localhost].[/]       : Initializing Spring embedded WebApplicationContext
2026-04-22T13:24:21.175+07:00  INFO 6708 --- [product-catalog-service] [           main] w.s.c.ServletWebServerApplicationContext : Root WebApplicationContext: initialization completed in 1071 ms
2026-04-22T13:24:21.281+07:00  INFO 6708 --- [product-catalog-service] [           main] o.hibernate.jpa.internal.util.LogHelper  : HHH000204: Processing PersistenceUnitInfo [name: default]
2026-04-22T13:24:21.315+07:00  INFO 6708 --- [product-catalog-service] [           main] org.hibernate.Version                    : HHH000412: Hibernate ORM core version 6.4.4.Final
2026-04-22T13:24:21.340+07:00  INFO 6708 --- [product-catalog-service] [           main] o.h.c.internal.RegionFactoryInitiator    : HHH000026: Second-level cache disabled
2026-04-22T13:24:21.480+07:00  INFO 6708 --- [product-catalog-service] [           main] o.s.o.j.p.SpringPersistenceUnitInfo      : No LoadTimeWeaver setup: ignoring JPA class transformer
2026-04-22T13:24:21.497+07:00  INFO 6708 --- [product-catalog-service] [           main] com.zaxxer.hikari.HikariDataSource       : HikariPool-1 - Starting...
2026-04-22T13:24:21.604+07:00  INFO 6708 --- [product-catalog-service] [           main] com.zaxxer.hikari.pool.HikariPool        : HikariPool-1 - Added connection com.mysql.cj.jdbc.ConnectionImpl@a4df251
2026-04-22T13:24:21.607+07:00  INFO 6708 --- [product-catalog-service] [           main] com.zaxxer.hikari.HikariDataSource       : HikariPool-1 - Start completed.
2026-04-22T13:24:21.644+07:00  WARN 6708 --- [product-catalog-service] [           main] org.hibernate.dialect.Dialect            : HHH000511: The 5.5.0 version for [org.hibernate.dialect.MySQLDialect] is no longer supported, hence certain features may not work properly. The minimum supported version is 8.0.0. Check the community dialects project for available legacy versions.
2026-04-22T13:24:22.310+07:00  INFO 6708 --- [product-catalog-service] [           main] o.h.e.t.j.p.i.JtaPlatformInitiator       : HHH000489: No JTA platform available (set 'hibernate.transaction.jta.platform' to enable JTA platform integration)
2026-04-22T13:24:22.367+07:00  INFO 6708 --- [product-catalog-service] [           main] j.LocalContainerEntityManagerFactoryBean : Initialized JPA EntityManagerFactory for persistence unit 'default'
2026-04-22T13:24:22.529+07:00  INFO 6708 --- [product-catalog-service] [           main] o.s.d.j.r.query.QueryEnhancerFactory     : Hibernate is in classpath; If applicable, HQL parser will be used.
2026-04-22T13:24:22.657+07:00  WARN 6708 --- [product-catalog-service] [           main] JpaBaseConfiguration$JpaWebConfiguration : spring.jpa.open-in-view is enabled by default. Therefore, database queries may be performed during view rendering. Explicitly configure spring.jpa.open-in-view to disable this warning
2026-04-22T13:24:23.016+07:00  INFO 6708 --- [product-catalog-service] [           main] DiscoveryClientOptionalArgsConfiguration : Eureka HTTP Client uses RestTemplate.
2026-04-22T13:24:23.045+07:00  WARN 6708 --- [product-catalog-service] [           main] iguration$LoadBalancerCaffeineWarnLogger : Spring Cloud LoadBalancer is currently working with the default cache. While this cache implementation is useful for development and tests, it's recommended to use Caffeine cache in production.You can switch to using Caffeine cache, by adding it and org.springframework.cache.caffeine.CaffeineCacheManager to the classpath.
2026-04-22T13:24:23.079+07:00  INFO 6708 --- [product-catalog-service] [           main] o.s.c.n.eureka.InstanceInfoFactory       : Setting initial instance status as: STARTING
2026-04-22T13:24:23.157+07:00  INFO 6708 --- [product-catalog-service] [           main] com.netflix.discovery.DiscoveryClient    : Initializing Eureka in region us-east-1
2026-04-22T13:24:23.163+07:00  INFO 6708 --- [product-catalog-service] [           main] c.n.d.s.r.aws.ConfigClusterResolver      : Resolving eureka endpoints via configuration
2026-04-22T13:24:23.180+07:00  INFO 6708 --- [product-catalog-service] [           main] com.netflix.discovery.DiscoveryClient    : Disable delta property : false
2026-04-22T13:24:23.180+07:00  INFO 6708 --- [product-catalog-service] [           main] com.netflix.discovery.DiscoveryClient    : Single vip registry refresh property : null
2026-04-22T13:24:23.181+07:00  INFO 6708 --- [product-catalog-service] [           main] com.netflix.discovery.DiscoveryClient    : Force full registry fetch : false
2026-04-22T13:24:23.181+07:00  INFO 6708 --- [product-catalog-service] [           main] com.netflix.discovery.DiscoveryClient    : Application is null : false
2026-04-22T13:24:23.181+07:00  INFO 6708 --- [product-catalog-service] [           main] com.netflix.discovery.DiscoveryClient    : Registered Applications size is zero : true
2026-04-22T13:24:23.181+07:00  INFO 6708 --- [product-catalog-service] [           main] com.netflix.discovery.DiscoveryClient    : Application version is -1: true
2026-04-22T13:24:23.181+07:00  INFO 6708 --- [product-catalog-service] [           main] com.netflix.discovery.DiscoveryClient    : Getting all instance registry info from the eureka server
2026-04-22T13:24:23.457+07:00  INFO 6708 --- [product-catalog-service] [           main] com.netflix.discovery.DiscoveryClient    : The response status is 200
2026-04-22T13:24:23.461+07:00  INFO 6708 --- [product-catalog-service] [           main] com.netflix.discovery.DiscoveryClient    : Starting heartbeat executor: renew interval is: 30
2026-04-22T13:24:23.463+07:00  INFO 6708 --- [product-catalog-service] [           main] c.n.discovery.InstanceInfoReplicator     : InstanceInfoReplicator onDemand update allowed rate per min is 4
2026-04-22T13:24:23.467+07:00  INFO 6708 --- [product-catalog-service] [           main] com.netflix.discovery.DiscoveryClient    : Discovery Client initialized at timestamp 1776839063467 with initial instances count: 10
2026-04-22T13:24:23.469+07:00  INFO 6708 --- [product-catalog-service] [           main] o.s.c.n.e.s.EurekaServiceRegistry        : Registering application PRODUCT-CATALOG-SERVICE with eureka with status UP
2026-04-22T13:24:23.469+07:00  INFO 6708 --- [product-catalog-service] [           main] com.netflix.discovery.DiscoveryClient    : Saw local status change event StatusChangeEvent [timestamp=1776839063469, current=UP, previous=STARTING]
2026-04-22T13:24:23.472+07:00  INFO 6708 --- [product-catalog-service] [nfoReplicator-0] com.netflix.discovery.DiscoveryClient    : DiscoveryClient_PRODUCT-CATALOG-SERVICE/LAPTOP-TDDAMUG0:product-catalog-service:8810: registering service...
2026-04-22T13:24:23.496+07:00  INFO 6708 --- [product-catalog-service] [           main] o.s.b.w.embedded.tomcat.TomcatWebServer  : Tomcat started on port 8810 (http) with context path ''
2026-04-22T13:24:23.497+07:00  INFO 6708 --- [product-catalog-service] [           main] .s.c.n.e.s.EurekaAutoServiceRegistration : Updating port to 8810
2026-04-22T13:24:23.512+07:00  INFO 6708 --- [product-catalog-service] [           main] c.r.p.ProductCatalogServiceApplication   : Started ProductCatalogServiceApplication in 3.852 seconds (process running for 4.202)
2026-04-22T13:24:23.513+07:00  INFO 6708 --- [product-catalog-service] [nfoReplicator-0] com.netflix.discovery.DiscoveryClient    : DiscoveryClient_PRODUCT-CATALOG-SERVICE/LAPTOP-TDDAMUG0:product-catalog-service:8810 - registration status: 204
Hibernate: select count(*) from categories c1_0
2026-04-22T13:24:39.260+07:00  INFO 6708 --- [product-catalog-service] [nio-8810-exec-1] o.a.c.c.C.[Tomcat].[localhost].[/]       : Initializing Spring DispatcherServlet 'dispatcherServlet'
2026-04-22T13:24:39.262+07:00  INFO 6708 --- [product-catalog-service] [nio-8810-exec-1] o.s.web.servlet.DispatcherServlet        : Initializing Servlet 'dispatcherServlet'
2026-04-22T13:24:39.264+07:00  INFO 6708 --- [product-catalog-service] [nio-8810-exec-1] o.s.web.servlet.DispatcherServlet        : Completed initialization in 2 ms
? Attempting to add product: B? trang s?c Vŕng 99,9% (24K) PNJ Lá Ng?c Cŕnh Vŕng 00019-00002
   - Price: 33000000
   - Category ID: 3
   - Active: true
Hibernate: select c1_0.id,c1_0.category_name from categories c1_0 where c1_0.id=?
   - Managed Category found: Ph? ki?n
Hibernate: insert into products (active,availability,category_id,created_at,description,discount_price,image_url,category,price,product_name,updated_at) values (?,?,?,?,?,?,?,?,?,?,?)
? Product saved successfully with ID: 11
[INFO] ------------------------------------------------------------------------
[INFO] BUILD FAILURE
[INFO] ------------------------------------------------------------------------
[INFO] Total time:  01:32 min
[INFO] Finished at: 2026-04-22T13:25:47+07:00
[INFO] ------------------------------------------------------------------------
[ERROR] Failed to execute goal org.springframework.boot:spring-boot-maven-plugin:3.2.5:run (default-cli) on project product-catalog-service: Process terminated with exit code: -1 -> [Help 1]
[ERROR] 
[ERROR] To see the full stack trace of the errors, re-run Maven with the -e switch.
[ERROR] Re-run Maven using the -X switch to enable full debug logging.
[ERROR] 
[ERROR] For more information about the errors and possible solutions, please read the following articles:
[ERROR] [Help 1] http://cwiki.apache.org/confluence/display/MAVEN/MojoExecutionException
